Removed Pin From Net: NetName=NetC4_2 Pin=J1-1
Removed Pin From Net: NetName=GNDA Pin=J1-2
Removed Pin From Net: NetName=GNDA Pin=J1-3
Removed Pin From Net: NetName=GNDA Pin=J1-4
Removed Pin From Net: NetName=GNDA Pin=J1-5
Removed Pin From Net: NetName=GNDA Pin=J2-2
Removed Pin From Net: NetName=GNDA Pin=J2-3
Removed Pin From Net: NetName=GNDA Pin=J2-4
Removed Pin From Net: NetName=GNDA Pin=J2-5
Removed Pin From Net: NetName=GNDA Pin=J3-2
Removed Pin From Net: NetName=GNDA Pin=J3-3
Removed Pin From Net: NetName=GNDA Pin=J3-4
Removed Pin From Net: NetName=GNDA Pin=J3-5
Removed Pin From Net: NetName=NetC37_1 Pin=J4-1
Removed Pin From Net: NetName=GNDA Pin=J4-2
Removed Pin From Net: NetName=GNDA Pin=J4-3
Removed Pin From Net: NetName=GNDA Pin=J4-4
Removed Pin From Net: NetName=GNDA Pin=J4-5
Removed Pin From Net: NetName=GNDA Pin=L1-1
Added Pin To Net: NetName=GNDA Pin=J1-1
Added Pin To Net: NetName=NetC4_2 Pin=J1-2
Added Pin To Net: NetName=NetC4_2 Pin=J1-3
Added Pin To Net: NetName=NetC4_2 Pin=J1-4
Added Pin To Net: NetName=NetC4_2 Pin=J1-5
Added Pin To Net: NetName=GNDA Pin=J2-1
Added Pin To Net: NetName=GNDA Pin=J3-1
Added Pin To Net: NetName=GNDA Pin=J4-1
Added Pin To Net: NetName=NetC37_1 Pin=J4-2
Added Pin To Net: NetName=NetC37_1 Pin=J4-3
Added Pin To Net: NetName=NetC37_1 Pin=J4-4
Added Pin To Net: NetName=NetC37_1 Pin=J4-5
Added Pin To Net: NetName=NetJ2_2 Pin=J2-2
Added Pin To Net: NetName=NetJ2_2 Pin=J2-3
Added Pin To Net: NetName=NetJ2_2 Pin=J2-4
Added Pin To Net: NetName=NetJ2_2 Pin=J2-5
Added Pin To Net: NetName=NetJ2_2 Pin=R3-1
Added Pin To Net: NetName=NetJ2_2 Pin=R8-1
Added Net: Name=NetJ2_2
Added Pin To Net: NetName=NetJ3_2 Pin=J3-2
Added Pin To Net: NetName=NetJ3_2 Pin=J3-3
Added Pin To Net: NetName=NetJ3_2 Pin=J3-4
Added Pin To Net: NetName=NetJ3_2 Pin=J3-5
Added Pin To Net: NetName=NetJ3_2 Pin=R10-2
Added Pin To Net: NetName=NetJ3_2 Pin=R14-2
Added Net: Name=NetJ3_2
